<?xml version="1.0" encoding="UTF-8" ?>
<testsuite failures="0" time="14.175" errors="0" skipped="0" tests="14" name="gov.nih.nlm.ncbi.www.soap.eutils.EUtilsServiceTest">
  <properties>
[...]
</properties>
  <testcase time="3.951" classname="gov.nih.nlm.ncbi.www.soap.eutils.EUtilsServiceTest" name="testrun_eSearch"/>
  <testcase time="0.566" classname="gov.nih.nlm.ncbi.www.soap.eutils.EUtilsServiceTest" name="testStartrun_eSearch"/>
  <testcase time="1.129" classname="gov.nih.nlm.ncbi.www.soap.eutils.EUtilsServiceTest" name="testrun_eLink"/>
  <testcase time="0.518" classname="gov.nih.nlm.ncbi.www.soap.eutils.EUtilsServiceTest" name="testStartrun_eLink"/>
  <testcase time="1.167" classname="gov.nih.nlm.ncbi.www.soap.eutils.EUtilsServiceTest" name="testrun_eInfo"/>
  <testcase time="0.465" classname="gov.nih.nlm.ncbi.www.soap.eutils.EUtilsServiceTest" name="testStartrun_eInfo"/>
  <testcase time="0.958" classname="gov.nih.nlm.ncbi.www.soap.eutils.EUtilsServiceTest" name="testrun_eSpell"/>
  <testcase time="0.528" classname="gov.nih.nlm.ncbi.www.soap.eutils.EUtilsServiceTest" name="testStartrun_eSpell"/>
  <testcase time="1.136" classname="gov.nih.nlm.ncbi.www.soap.eutils.EUtilsServiceTest" name="testrun_eSummary"/>
  <testcase time="0.391" classname="gov.nih.nlm.ncbi.www.soap.eutils.EUtilsServiceTest" name="testStartrun_eSummary"/>
  <testcase time="1.292" classname="gov.nih.nlm.ncbi.www.soap.eutils.EUtilsServiceTest" name="testrun_eGquery"/>
  <testcase time="0.398" classname="gov.nih.nlm.ncbi.www.soap.eutils.EUtilsServiceTest" name="testStartrun_eGquery"/>
  <testcase time="1.17" classname="gov.nih.nlm.ncbi.www.soap.eutils.EUtilsServiceTest" name="testrun_ePost"/>
  <testcase time="0.388" classname="gov.nih.nlm.ncbi.www.soap.eutils.EUtilsServiceTest" name="testStartrun_ePost"/>
</testsuite>